<?xml version="1.0" encoding="UTF-8"?>
<!-- Generated by org.testng.reporters.JUnitReportReporter -->
<testsuite hostname="AMK10939" name="sample.VectorsNGTest" tests="2" failures="0" timestamp="3 Sep 2013 09:52:26 GMT" time="0.013" errors="0">
  <testcase name="ScalarMultiplicationCheck" time="0.013" classname="sample.VectorsNGTest"/>
  <testcase name="equalsCheck" time="0.000" classname="sample.VectorsNGTest"/>
</testsuite> <!-- sample.VectorsNGTest -->
