<?xml version="1.0" encoding="UTF-8"?>
<!-- Generated by org.testng.reporters.JUnitReportReporter -->
<testsuite hostname="AMK10939" name="sample.UtilsNGTest" tests="3" failures="0" timestamp="3 Sep 2013 09:52:26 GMT" time="1.016" errors="0">
  <testcase name="helloWorldCheck" time="0.003" classname="sample.UtilsNGTest"/>
  <testcase name="checkExpectedException" time="0.027" classname="sample.UtilsNGTest"/>
  <testcase name="testWithTimeout" time="0.986" classname="sample.UtilsNGTest"/>
</testsuite> <!-- sample.UtilsNGTest -->
